15:02:37 | INFO | logging to paper1_results/logs/run_20260704_150237.log
15:02:37 | INFO | device=cuda | 60 cells total | 180 done | 60 to run
15:02:37 | INFO | models=['indic-bert'] datasets=['dravidian_tamil', 'dravidian_malayalam', 'dravidian_kannada', 'hatexplain'] configs=['ce', 'supcon', 'hardneg'] seeds=[42, 123, 2024, 7, 99]
15:02:37 | INFO | estimated time: ~1:30:00 (rough, cuda)
15:02:42 | INFO | preparing data: indic-bert / dravidian_tamil
15:03:06 | INFO | [1/60] indic-bert__dravidian_tamil__ce__s42  toxF1(cal)=0.5473 PR-AUC=0.5279  (28s, ETA 0:27:58)
15:03:22 | INFO | [2/60] indic-bert__dravidian_tamil__ce__s123  toxF1(cal)=0.5259 PR-AUC=0.5113  (16s, ETA 0:21:23)
15:03:37 | INFO | [3/60] indic-bert__dravidian_tamil__ce__s2024  toxF1(cal)=0.5391 PR-AUC=0.5192  (16s, ETA 0:19:04)
15:03:54 | INFO | [4/60] indic-bert__dravidian_tamil__ce__s7  toxF1(cal)=0.5492 PR-AUC=0.5291  (16s, ETA 0:17:52)
15:04:10 | INFO | [5/60] indic-bert__dravidian_tamil__ce__s99  toxF1(cal)=0.5372 PR-AUC=0.5083  (17s, ETA 0:17:05)
15:04:28 | INFO | [6/60] indic-bert__dravidian_tamil__supcon__s42  toxF1(cal)=0.5453 PR-AUC=0.5369  (18s, ETA 0:16:39)
15:04:46 | INFO | [7/60] indic-bert__dravidian_tamil__supcon__s123  toxF1(cal)=0.5370 PR-AUC=0.5064  (18s, ETA 0:16:15)
15:05:04 | INFO | [8/60] indic-bert__dravidian_tamil__supcon__s2024  toxF1(cal)=0.5421 PR-AUC=0.5222  (18s, ETA 0:15:52)
15:05:21 | INFO | [9/60] indic-bert__dravidian_tamil__supcon__s7  toxF1(cal)=0.5322 PR-AUC=0.5232  (18s, ETA 0:15:30)
15:05:39 | INFO | [10/60] indic-bert__dravidian_tamil__supcon__s99  toxF1(cal)=0.5507 PR-AUC=0.5148  (18s, ETA 0:15:08)
15:05:57 | INFO | [11/60] indic-bert__dravidian_tamil__hardneg__s42  toxF1(cal)=0.5417 PR-AUC=0.5337  (18s, ETA 0:14:48)
15:06:14 | INFO | [12/60] indic-bert__dravidian_tamil__hardneg__s123  toxF1(cal)=0.5538 PR-AUC=0.5341  (17s, ETA 0:14:26)
15:06:31 | INFO | [13/60] indic-bert__dravidian_tamil__hardneg__s2024  toxF1(cal)=0.5494 PR-AUC=0.5368  (17s, ETA 0:14:05)
15:06:48 | INFO | [14/60] indic-bert__dravidian_tamil__hardneg__s7  toxF1(cal)=0.5307 PR-AUC=0.5187  (17s, ETA 0:13:45)
15:07:06 | INFO | [15/60] indic-bert__dravidian_tamil__hardneg__s99  toxF1(cal)=0.5445 PR-AUC=0.5200  (17s, ETA 0:13:25)
15:07:06 | INFO | preparing data: indic-bert / dravidian_malayalam
15:07:22 | INFO | [16/60] indic-bert__dravidian_malayalam__ce__s42  toxF1(cal)=0.1060 PR-AUC=0.0590  (17s, ETA 0:13:04)
15:07:39 | INFO | [17/60] indic-bert__dravidian_malayalam__ce__s123  toxF1(cal)=0.1183 PR-AUC=0.0677  (16s, ETA 0:12:42)
15:07:55 | INFO | [18/60] indic-bert__dravidian_malayalam__ce__s2024  toxF1(cal)=0.1633 PR-AUC=0.0981  (16s, ETA 0:12:22)
15:08:12 | INFO | [19/60] indic-bert__dravidian_malayalam__ce__s7  toxF1(cal)=0.1145 PR-AUC=0.0586  (16s, ETA 0:12:01)
15:08:28 | INFO | [20/60] indic-bert__dravidian_malayalam__ce__s99  toxF1(cal)=0.1863 PR-AUC=0.1177  (16s, ETA 0:11:41)
15:08:45 | INFO | [21/60] indic-bert__dravidian_malayalam__supcon__s42  toxF1(cal)=0.0619 PR-AUC=0.0426  (17s, ETA 0:11:23)
15:09:03 | INFO | [22/60] indic-bert__dravidian_malayalam__supcon__s123  toxF1(cal)=0.1028 PR-AUC=0.0587  (18s, ETA 0:11:06)
15:09:20 | INFO | [23/60] indic-bert__dravidian_malayalam__supcon__s2024  toxF1(cal)=0.1475 PR-AUC=0.0799  (17s, ETA 0:10:48)
15:09:38 | INFO | [24/60] indic-bert__dravidian_malayalam__supcon__s7  toxF1(cal)=0.1267 PR-AUC=0.1013  (17s, ETA 0:10:30)
15:09:55 | INFO | [25/60] indic-bert__dravidian_malayalam__supcon__s99  toxF1(cal)=0.1788 PR-AUC=0.0902  (17s, ETA 0:10:12)
15:10:12 | INFO | [26/60] indic-bert__dravidian_malayalam__hardneg__s42  toxF1(cal)=0.1089 PR-AUC=0.0501  (17s, ETA 0:09:54)
15:10:30 | INFO | [27/60] indic-bert__dravidian_malayalam__hardneg__s123  toxF1(cal)=0.1081 PR-AUC=0.0503  (18s, ETA 0:09:37)
15:10:47 | INFO | [28/60] indic-bert__dravidian_malayalam__hardneg__s2024  toxF1(cal)=0.1735 PR-AUC=0.0700  (17s, ETA 0:09:19)
15:11:04 | INFO | [29/60] indic-bert__dravidian_malayalam__hardneg__s7  toxF1(cal)=0.1481 PR-AUC=0.0762  (17s, ETA 0:09:01)
15:11:22 | INFO | [30/60] indic-bert__dravidian_malayalam__hardneg__s99  toxF1(cal)=0.1641 PR-AUC=0.0926  (18s, ETA 0:08:44)
15:11:22 | INFO | preparing data: indic-bert / dravidian_kannada
15:11:38 | INFO | [31/60] indic-bert__dravidian_kannada__ce__s42  toxF1(cal)=0.6096 PR-AUC=0.6589  (17s, ETA 0:08:26)
15:11:55 | INFO | [32/60] indic-bert__dravidian_kannada__ce__s123  toxF1(cal)=0.5910 PR-AUC=0.6416  (16s, ETA 0:08:07)
15:12:11 | INFO | [33/60] indic-bert__dravidian_kannada__ce__s2024  toxF1(cal)=0.5965 PR-AUC=0.6412  (16s, ETA 0:07:49)
15:12:27 | INFO | [34/60] indic-bert__dravidian_kannada__ce__s7  toxF1(cal)=0.5661 PR-AUC=0.6305  (16s, ETA 0:07:31)
15:12:44 | INFO | [35/60] indic-bert__dravidian_kannada__ce__s99  toxF1(cal)=0.5759 PR-AUC=0.6348  (16s, ETA 0:07:13)
15:13:01 | INFO | [36/60] indic-bert__dravidian_kannada__supcon__s42  toxF1(cal)=0.5976 PR-AUC=0.6664  (17s, ETA 0:06:55)
15:13:18 | INFO | [37/60] indic-bert__dravidian_kannada__supcon__s123  toxF1(cal)=0.5512 PR-AUC=0.6336  (17s, ETA 0:06:38)
15:13:35 | INFO | [38/60] indic-bert__dravidian_kannada__supcon__s2024  toxF1(cal)=0.6005 PR-AUC=0.6214  (17s, ETA 0:06:21)
15:13:53 | INFO | [39/60] indic-bert__dravidian_kannada__supcon__s7  toxF1(cal)=0.5714 PR-AUC=0.6085  (17s, ETA 0:06:03)
15:14:10 | INFO | [40/60] indic-bert__dravidian_kannada__supcon__s99  toxF1(cal)=0.5657 PR-AUC=0.6071  (17s, ETA 0:05:46)
15:14:27 | INFO | [41/60] indic-bert__dravidian_kannada__hardneg__s42  toxF1(cal)=0.6071 PR-AUC=0.6576  (17s, ETA 0:05:28)
15:14:44 | INFO | [42/60] indic-bert__dravidian_kannada__hardneg__s123  toxF1(cal)=0.5874 PR-AUC=0.6205  (17s, ETA 0:05:11)
15:15:02 | INFO | [43/60] indic-bert__dravidian_kannada__hardneg__s2024  toxF1(cal)=0.5972 PR-AUC=0.6439  (17s, ETA 0:04:54)
15:15:19 | INFO | [44/60] indic-bert__dravidian_kannada__hardneg__s7  toxF1(cal)=0.5787 PR-AUC=0.6220  (17s, ETA 0:04:36)
15:15:36 | INFO | [45/60] indic-bert__dravidian_kannada__hardneg__s99  toxF1(cal)=0.5799 PR-AUC=0.6020  (17s, ETA 0:04:19)
15:15:36 | INFO | preparing data: indic-bert / hatexplain
15:15:54 | INFO | [46/60] indic-bert__hatexplain__ce__s42  toxF1(cal)=0.7827 PR-AUC=0.8551  (18s, ETA 0:04:02)
15:16:10 | INFO | [47/60] indic-bert__hatexplain__ce__s123  toxF1(cal)=0.7805 PR-AUC=0.8625  (17s, ETA 0:03:44)
15:16:27 | INFO | [48/60] indic-bert__hatexplain__ce__s2024  toxF1(cal)=0.7874 PR-AUC=0.8413  (17s, ETA 0:03:27)
15:16:44 | INFO | [49/60] indic-bert__hatexplain__ce__s7  toxF1(cal)=0.7781 PR-AUC=0.8513  (17s, ETA 0:03:10)
15:17:01 | INFO | [50/60] indic-bert__hatexplain__ce__s99  toxF1(cal)=0.7886 PR-AUC=0.8536  (17s, ETA 0:02:52)
15:17:19 | INFO | [51/60] indic-bert__hatexplain__supcon__s42  toxF1(cal)=0.7851 PR-AUC=0.8610  (18s, ETA 0:02:35)
15:17:37 | INFO | [52/60] indic-bert__hatexplain__supcon__s123  toxF1(cal)=0.7892 PR-AUC=0.8682  (18s, ETA 0:02:18)
15:17:54 | INFO | [53/60] indic-bert__hatexplain__supcon__s2024  toxF1(cal)=0.7896 PR-AUC=0.8644  (18s, ETA 0:02:01)
15:18:12 | INFO | [54/60] indic-bert__hatexplain__supcon__s7  toxF1(cal)=0.7885 PR-AUC=0.8581  (18s, ETA 0:01:43)
15:18:30 | INFO | [55/60] indic-bert__hatexplain__supcon__s99  toxF1(cal)=0.7856 PR-AUC=0.8619  (18s, ETA 0:01:26)
15:18:48 | INFO | [56/60] indic-bert__hatexplain__hardneg__s42  toxF1(cal)=0.7850 PR-AUC=0.8559  (18s, ETA 0:01:09)
15:19:06 | INFO | [57/60] indic-bert__hatexplain__hardneg__s123  toxF1(cal)=0.7985 PR-AUC=0.8705  (18s, ETA 0:00:52)
15:19:23 | INFO | [58/60] indic-bert__hatexplain__hardneg__s2024  toxF1(cal)=0.7932 PR-AUC=0.8663  (18s, ETA 0:00:34)
15:19:41 | INFO | [59/60] indic-bert__hatexplain__hardneg__s7  toxF1(cal)=0.7916 PR-AUC=0.8579  (17s, ETA 0:00:17)
15:19:58 | INFO | [60/60] indic-bert__hatexplain__hardneg__s99  toxF1(cal)=0.7872 PR-AUC=0.8534  (18s, ETA 0:00:00)
15:19:58 | INFO | DONE. Aggregate with:  python paper1_report.py --results ./paper1_results/results
